#
# There is insufficient memory for the Java Runtime Environment to continue.
# Native memory allocation (malloc) failed to allocate 32744 bytes for ChunkPool::allocate
# Possible reasons:
#   The system is out of physical RAM or swap space
#   The process is running with CompressedOops enabled, and the Java Heap may be blocking the growth of the native heap
# Possible solutions:
#   Reduce memory load on the system
#   Increase physical memory or swap space
#   Check if swap backing store is full
#   Decrease Java heap size (-Xmx/-Xms)
#   Decrease number of Java threads
#   Decrease Java thread stack sizes (-Xss)
#   Set larger code cache with -XX:ReservedCodeCacheSize=
#   JVM is running with Unscaled Compressed Oops mode in which the Java heap is
#     placed in the first 4GB address space. The Java Heap base address is the
#     maximum limit for the native heap growth. Please use -XX:HeapBaseMinAddress
#     to set the Java Heap base and to place the Java Heap above 4GB virtual address.
# This output file may be truncated or incomplete.
#
#  Out of Memory Error (arena.cpp:78), pid=11012, tid=12752
#
# JRE version: OpenJDK Runtime Environment (17.0.7) (build 17.0.7+0-b2043.56-10550314)
# Java VM: OpenJDK 64-Bit Server VM (17.0.7+0-b2043.56-10550314, mixed mode, tiered, compressed oops, compressed class ptrs, g1 gc, windows-amd64)
# No core dump will be written. Minidumps are not enabled by default on client versions of Windows
#

---------------  S U M M A R Y ------------

Command Line: -Dapplication.home=D:\AndroidStudioNew\jbr --add-modules=ALL-DEFAULT -Xms8m -Djdk.module.main=jdk.compiler jdk.compiler/com.sun.tools.javac.Main --system=none --patch-module=java.base=C:\Users\Arup\AppData\Local\Android\Sdk\platforms\android-34\core-for-system-modules.jar -d C:\Users\Arup\.gradle\caches\transforms-3\093eefac2dc1f1383d82d2472c32ffad\transformed\output\temp C:\Users\Arup\.gradle\caches\transforms-3\093eefac2dc1f1383d82d2472c32ffad\transformed\output\temp\module-info.java

Host: Intel(R) Core(TM) i3-5005U CPU @ 2.00GHz, 4 cores, 7G,  Windows 10 , 64 bit Build 19041 (10.0.19041.3636)
Time: Tue Jan  2 11:40:23 2024 India Standard Time elapsed time: 0.850445 seconds (0d 0h 0m 0s)

---------------  T H R E A D  ---------------

Current thread (0x000001f7d06abee0):  JavaThread "C1 CompilerThread0" daemon [_thread_in_native, id=12752, stack(0x0000001859a00000,0x0000001859b00000)]


Current CompileTask:
C1:    850  469       3       jdk.internal.org.objectweb.asm.Frame::execute (2305 bytes)

Stack: [0x0000001859a00000,0x0000001859b00000]
Native frames: (J=compiled Java code, j=interpreted, Vv=VM code, C=native code)
V  [jvm.dll+0x683bfa]
V  [jvm.dll+0x8430a4]
V  [jvm.dll+0x8449be]
V  [jvm.dll+0x845023]
V  [jvm.dll+0x24ad2f]
V  [jvm.dll+0xac47c]
V  [jvm.dll+0xac82c]
V  [jvm.dll+0x24d5ac]
V  [jvm.dll+0x24d7dc]
V  [jvm.dll+0x24d249]
V  [jvm.dll+0x14c7fa]
V  [jvm.dll+0x14c785]
V  [jvm.dll+0x152797]
V  [jvm.dll+0x134a81]
V  [jvm.dll+0x153832]
V  [jvm.dll+0x136ad3]
V  [jvm.dll+0x13661a]
V  [jvm.dll+0x136806]
V  [jvm.dll+0x135c9a]
V  [jvm.dll+0x137961]
V  [jvm.dll+0x22c148]
V  [jvm.dll+0x22a209]
V  [jvm.dll+0x7f858c]
V  [jvm.dll+0x7f2aea]
V  [jvm.dll+0x682a35]
C  [ucrtbase.dll+0x21bb2]
C  [KERNEL32.DLL+0x17344]
C  [ntdll.dll+0x526b1]


---------------  P R O C E S S  ---------------

Threads class SMR info:
_java_thread_list=0x000001f7d0a7f730, length=12, elements={
0x000001f7b502dfc0, 0x000001f7d0612280, 0x000001f7d0613000, 0x000001f7d06617f0,
0x000001f7d06663b0, 0x000001f7d0668d70, 0x000001f7d067b010, 0x000001f7d067b9b0,
0x000001f7d06abee0, 0x000001f7d06ae400, 0x000001f7d0971aa0, 0x000001f7d0ad8e50
}

Java Threads: ( => current thread )
  0x000001f7b502dfc0 JavaThread "main" [_thread_in_Java, id=14920, stack(0x0000001858c00000,0x0000001858d00000)]
  0x000001f7d0612280 JavaThread "Reference Handler" daemon [_thread_blocked, id=11360, stack(0x0000001859300000,0x0000001859400000)]
  0x000001f7d0613000 JavaThread "Finalizer" daemon [_thread_blocked, id=9528, stack(0x0000001859400000,0x0000001859500000)]
  0x000001f7d06617f0 JavaThread "Signal Dispatcher" daemon [_thread_blocked, id=15192, stack(0x0000001859500000,0x0000001859600000)]
  0x000001f7d06663b0 JavaThread "Attach Listener" daemon [_thread_blocked, id=5324, stack(0x0000001859600000,0x0000001859700000)]
  0x000001f7d0668d70 JavaThread "Service Thread" daemon [_thread_blocked, id=1348, stack(0x0000001859700000,0x0000001859800000)]
  0x000001f7d067b010 JavaThread "Monitor Deflation Thread" daemon [_thread_blocked, id=3236, stack(0x0000001859800000,0x0000001859900000)]
  0x000001f7d067b9b0 JavaThread "C2 CompilerThread0" daemon [_thread_in_native, id=10792, stack(0x0000001859900000,0x0000001859a00000)]
=>0x000001f7d06abee0 JavaThread "C1 CompilerThread0" daemon [_thread_in_native, id=12752, stack(0x0000001859a00000,0x0000001859b00000)]
  0x000001f7d06ae400 JavaThread "Sweeper thread" daemon [_thread_blocked, id=11292, stack(0x0000001859b00000,0x0000001859c00000)]
  0x000001f7d0971aa0 JavaThread "Common-Cleaner" daemon [_thread_blocked, id=5052, stack(0x0000001859c00000,0x0000001859d00000)]
  0x000001f7d0ad8e50 JavaThread "Notification Thread" daemon [_thread_blocked, id=13204, stack(0x0000001859d00000,0x0000001859e00000)]

Other Threads:
  0x000001f7b71f49b0 VMThread "VM Thread" [stack: 0x0000001859200000,0x0000001859300000] [id=6580]
  0x000001f7b71acd30 WatcherThread [stack: 0x0000001859e00000,0x0000001859f00000] [id=11176]
  0x000001f7b7193ea0 GCTaskThread "GC Thread#0" [stack: 0x0000001858d00000,0x0000001858e00000] [id=12996]
  0x000001f7d0aa5f30 GCTaskThread "GC Thread#1" [stack: 0x0000001859f00000,0x000000185a000000] [id=8204]
  0x000001f7d0bcb500 GCTaskThread "GC Thread#2" [stack: 0x000000185a000000,0x000000185a100000] [id=3304]
  0x000001f7d0c4ae50 GCTaskThread "GC Thread#3" [stack: 0x000000185a100000,0x000000185a200000] [id=11544]
  0x000001f7b71a4b20 ConcurrentGCThread "G1 Main Marker" [stack: 0x0000001858e00000,0x0000001858f00000] [id=3160]
  0x000001f7b71a5cd0 ConcurrentGCThread "G1 Conc#0" [stack: 0x0000001858f00000,0x0000001859000000] [id=14628]
  0x000001f7b71c25b0 ConcurrentGCThread "G1 Refine#0" [stack: 0x0000001859000000,0x0000001859100000] [id=3320]
  0x000001f7b71c2fd0 ConcurrentGCThread "G1 Service" [stack: 0x0000001859100000,0x0000001859200000] [id=6864]

Threads with active compile tasks:
C2 CompilerThread0      896  474       4       java.util.HashMap::putVal (300 bytes)
C1 CompilerThread0      896  469       3       jdk.internal.org.objectweb.asm.Frame::execute (2305 bytes)

VM state: not at safepoint (normal execution)

VM Mutex/Monitor currently owned by a thread: None

Heap address: 0x0000000081600000, size: 2026 MB, Compressed Oops mode: 32-bit

CDS archive(s) not mapped
Compressed class space mapped at: 0x0000000100000000-0x0000000140000000, reserved size: 1073741824
Narrow klass base: 0x0000000000000000, Narrow klass shift: 3, Narrow klass range: 0x140000000

GC Precious Log:
 CPUs: 4 total, 4 available
 Memory: 8101M
 Large Page Support: Disabled
 NUMA Support: Disabled
 Compressed Oops: Enabled (32-bit)
 Heap Region Size: 1M
 Heap Min Capacity: 8M
 Heap Initial Capacity: 8M
 Heap Max Capacity: 2026M
 Pre-touch: Disabled
 Parallel Workers: 4
 Concurrent Workers: 1
 Concurrent Refinement Workers: 4
 Periodic GC: Disabled

Heap:
 garbage-first heap   total 8192K, used 1111K [0x0000000081600000, 0x0000000100000000)
  region size 1024K, 2 young (2048K), 1 survivors (1024K)
 Metaspace       used 9199K, committed 9344K, reserved 1114112K
  class space    used 940K, committed 1024K, reserved 1048576K

Heap Regions: E=young(eden), S=young(survivor), O=old, HS=humongous(starts), HC=humongous(continues), CS=collection set, F=free, OA=open archive, CA=closed archive, TAMS=top-at-mark-start (previous, next)
|   0|0x0000000081600000, 0x00000000816c6200, 0x0000000081700000| 77%| O|  |TAMS 0x0000000081600000, 0x0000000081600000| Untracked 
|   1|0x0000000081700000, 0x0000000081700000, 0x0000000081800000|  0%| F|  |TAMS 0x0000000081700000, 0x0000000081700000| Untracked 
|   2|0x0000000081800000, 0x0000000081800000, 0x0000000081900000|  0%| F|  |TAMS 0x0000000081800000, 0x0000000081800000| Untracked 
|   3|0x0000000081900000, 0x0000000081900000, 0x0000000081a00000|  0%| F|  |TAMS 0x0000000081900000, 0x0000000081900000| Untracked 
|   4|0x0000000081a00000, 0x0000000081a00000, 0x0000000081b00000|  0%| F|  |TAMS 0x0000000081a00000, 0x0000000081a00000| Untracked 
|   5|0x0000000081b00000, 0x0000000081b4fc10, 0x0000000081c00000| 31%| S|CS|TAMS 0x0000000081b00000, 0x0000000081b00000| Complete 
|   6|0x0000000081c00000, 0x0000000081c00000, 0x0000000081d00000|  0%| F|  |TAMS 0x0000000081c00000, 0x0000000081c00000| Untracked 
|   7|0x0000000081d00000, 0x0000000081d85e50, 0x0000000081e00000| 52%| E|  |TAMS 0x0000000081d00000, 0x0000000081d00000| Complete 

Card table byte_map: [0x000001f7c9a20000,0x000001f7c9e20000] _byte_map_base: 0x000001f7c9615000

Marking Bits (Prev, Next): (CMBitMap*) 0x000001f7b71944b0, (CMBitMap*) 0x000001f7b71944f0
 Prev Bits: [0x000001f7ca220000, 0x000001f7cc1c8000)
 Next Bits: [0x000001f7cc1d0000, 0x000001f7ce178000)

Polling page: 0x000001f7b5290000

Metaspace:

Usage:
  Non-class:      8.07 MB used.
      Class:    940.73 KB used.
       Both:      8.99 MB used.

Virtual space:
  Non-class space:       64.00 MB reserved,       8.12 MB ( 13%) committed,  1 nodes.
      Class space:        1.00 GB reserved,       1.00 MB ( <1%) committed,  1 nodes.
             Both:        1.06 GB reserved,       9.12 MB ( <1%) committed. 

Chunk freelists:
   Non-Class:  7.91 MB
       Class:  14.98 MB
        Both:  22.89 MB

MaxMetaspaceSize: unlimited
CompressedClassSpaceSize: 1.00 GB
Initial GC threshold: 21.00 MB
Current GC threshold: 21.00 MB
CDS: off
MetaspaceReclaimPolicy: balanced
 - commit_granule_bytes: 65536.
 - commit_granule_words: 8192.
 - virtual_space_node_default_size: 8388608.
 - enlarge_chunks_in_place: 1.
 - new_chunks_are_fully_committed: 0.
 - uncommit_free_chunks: 1.
 - use_allocation_guard: 0.
 - handle_deallocations: 1.


Internal statistics:

num_allocs_failed_limit: 0.
num_arena_births: 38.
num_arena_deaths: 0.
num_vsnodes_births: 2.
num_vsnodes_deaths: 0.
num_space_committed: 146.
num_space_uncommitted: 0.
num_chunks_returned_to_freelist: 0.
num_chunks_taken_from_freelist: 138.
num_chunk_merges: 0.
num_chunk_splits: 86.
num_chunks_enlarged: 61.
num_inconsistent_stats: 0.

CodeHeap 'non-profiled nmethods': size=120000Kb used=141Kb max_used=141Kb free=119858Kb
 bounds [0x000001f7c20f0000, 0x000001f7c2360000, 0x000001f7c9620000]
CodeHeap 'profiled nmethods': size=120000Kb used=602Kb max_used=602Kb free=119397Kb
 bounds [0x000001f7ba620000, 0x000001f7ba890000, 0x000001f7c1b50000]
CodeHeap 'non-nmethods': size=5760Kb used=1112Kb max_used=1124Kb free=4647Kb
 bounds [0x000001f7c1b50000, 0x000001f7c1dc0000, 0x000001f7c20f0000]
 total_blobs=861 nmethods=469 adapters=305
 compilation: enabled
              stopped_count=0, restarted_count=0
 full_count=0

Compilation events (20 events):
Event: 0.827 Thread 0x000001f7d06abee0  451       3       sun.invoke.util.Wrapper::forPrimitiveType (49 bytes)
Event: 0.830 Thread 0x000001f7d06abee0 nmethod 451 0x000001f7ba6b1a90 code [0x000001f7ba6b1e00, 0x000001f7ba6b3188]
Event: 0.830 Thread 0x000001f7d06abee0  453       3       java.lang.invoke.MemberName::flagsMods (73 bytes)
Event: 0.831 Thread 0x000001f7d06abee0 nmethod 453 0x000001f7ba6b3910 code [0x000001f7ba6b3aa0, 0x000001f7ba6b3bd8]
Event: 0.831 Thread 0x000001f7d06abee0  454       3       java.lang.invoke.MemberName::init (67 bytes)
Event: 0.831 Thread 0x000001f7d06abee0 nmethod 454 0x000001f7ba6b3c90 code [0x000001f7ba6b3e40, 0x000001f7ba6b4078]
Event: 0.831 Thread 0x000001f7d06abee0  457       3       jdk.internal.org.objectweb.asm.Frame::push (109 bytes)
Event: 0.832 Thread 0x000001f7d06abee0 nmethod 457 0x000001f7ba6b4110 code [0x000001f7ba6b42e0, 0x000001f7ba6b4848]
Event: 0.833 Thread 0x000001f7d06abee0  461       3       java.lang.Long::<init> (10 bytes)
Event: 0.834 Thread 0x000001f7d06abee0 nmethod 461 0x000001f7ba6b4a10 code [0x000001f7ba6b4bc0, 0x000001f7ba6b4d98]
Event: 0.835 Thread 0x000001f7d06abee0  463       3       java.lang.invoke.LambdaForm::internArgument (85 bytes)
Event: 0.836 Thread 0x000001f7d06abee0 nmethod 463 0x000001f7ba6b4e90 code [0x000001f7ba6b5060, 0x000001f7ba6b53a8]
Event: 0.836 Thread 0x000001f7d06abee0  464       3       java.lang.invoke.MethodHandles$Lookup::lookupClassOrNull (17 bytes)
Event: 0.836 Thread 0x000001f7d06abee0 nmethod 464 0x000001f7ba6b5590 code [0x000001f7ba6b5720, 0x000001f7ba6b58b8]
Event: 0.836 Thread 0x000001f7d06abee0  465       3       java.lang.invoke.MemberName::getInvocationType (56 bytes)
Event: 0.838 Thread 0x000001f7d06abee0 nmethod 465 0x000001f7ba6b5990 code [0x000001f7ba6b5bc0, 0x000001f7ba6b64c8]
Event: 0.838 Thread 0x000001f7d06abee0  466       3       java.lang.invoke.LambdaForm::parameter (38 bytes)
Event: 0.838 Thread 0x000001f7d06abee0 nmethod 466 0x000001f7ba6b6790 code [0x000001f7ba6b6920, 0x000001f7ba6b6a58]
Event: 0.838 Thread 0x000001f7d06abee0  469       3       jdk.internal.org.objectweb.asm.Frame::execute (2305 bytes)
Event: 0.842 Thread 0x000001f7d067b9b0  474       4       java.util.HashMap::putVal (300 bytes)

GC Heap History (6 events):
Event: 0.574 GC heap before
{Heap before GC invocations=0 (full 0):
 garbage-first heap   total 8192K, used 3072K [0x0000000081600000, 0x0000000100000000)
  region size 1024K, 3 young (3072K), 0 survivors (0K)
 Metaspace       used 6639K, committed 6784K, reserved 1114112K
  class space    used 606K, committed 704K, reserved 1048576K
}
Event: 0.578 GC heap after
{Heap after GC invocations=1 (full 0):
 garbage-first heap   total 8192K, used 832K [0x0000000081600000, 0x0000000100000000)
  region size 1024K, 1 young (1024K), 1 survivors (1024K)
 Metaspace       used 6639K, committed 6784K, reserved 1114112K
  class space    used 606K, committed 704K, reserved 1048576K
}
Event: 0.629 GC heap before
{Heap before GC invocations=1 (full 0):
 garbage-first heap   total 8192K, used 1856K [0x0000000081600000, 0x0000000100000000)
  region size 1024K, 2 young (2048K), 1 survivors (1024K)
 Metaspace       used 7095K, committed 7232K, reserved 1114112K
  class space    used 652K, committed 704K, reserved 1048576K
}
Event: 0.632 GC heap after
{Heap after GC invocations=2 (full 0):
 garbage-first heap   total 8192K, used 938K [0x0000000081600000, 0x0000000100000000)
  region size 1024K, 1 young (1024K), 1 survivors (1024K)
 Metaspace       used 7095K, committed 7232K, reserved 1114112K
  class space    used 652K, committed 704K, reserved 1048576K
}
Event: 0.749 GC heap before
{Heap before GC invocations=2 (full 0):
 garbage-first heap   total 8192K, used 1962K [0x0000000081600000, 0x0000000100000000)
  region size 1024K, 3 young (3072K), 1 survivors (1024K)
 Metaspace       used 8124K, committed 8256K, reserved 1114112K
  class space    used 788K, committed 832K, reserved 1048576K
}
Event: 0.751 GC heap after
{Heap after GC invocations=3 (full 0):
 garbage-first heap   total 8192K, used 997K [0x0000000081600000, 0x0000000100000000)
  region size 1024K, 1 young (1024K), 1 survivors (1024K)
 Metaspace       used 8124K, committed 8256K, reserved 1114112K
  class space    used 788K, committed 832K, reserved 1048576K
}

Dll operation events (1 events):
Event: 0.014 Loaded shared library D:\AndroidStudioNew\jbr\bin\java.dll

Deoptimization events (20 events):
Event: 0.552 Thread 0x000001f7b502dfc0 Uncommon trap: trap_request=0xffffffde fr.pc=0x000001f7c20fb200 relative=0x0000000000000720
Event: 0.552 Thread 0x000001f7b502dfc0 Uncommon trap: reason=class_check action=maybe_recompile pc=0x000001f7c20fb200 method=java.util.HashMap.putVal(ILjava/lang/Object;Ljava/lang/Object;ZZ)Ljava/lang/Object; @ 152 c2
Event: 0.552 Thread 0x000001f7b502dfc0 DEOPT PACKING pc=0x000001f7c20fb200 sp=0x0000001858cfda20
Event: 0.552 Thread 0x000001f7b502dfc0 DEOPT UNPACKING pc=0x000001f7c1ba69a3 sp=0x0000001858cfd9a0 mode 2
Event: 0.552 Thread 0x000001f7b502dfc0 Uncommon trap: trap_request=0xffffffde fr.pc=0x000001f7c20fb200 relative=0x0000000000000720
Event: 0.552 Thread 0x000001f7b502dfc0 Uncommon trap: reason=class_check action=maybe_recompile pc=0x000001f7c20fb200 method=java.util.HashMap.putVal(ILjava/lang/Object;Ljava/lang/Object;ZZ)Ljava/lang/Object; @ 152 c2
Event: 0.552 Thread 0x000001f7b502dfc0 DEOPT PACKING pc=0x000001f7c20fb200 sp=0x0000001858cfda20
Event: 0.552 Thread 0x000001f7b502dfc0 DEOPT UNPACKING pc=0x000001f7c1ba69a3 sp=0x0000001858cfd9a0 mode 2
Event: 0.552 Thread 0x000001f7b502dfc0 Uncommon trap: trap_request=0xffffffde fr.pc=0x000001f7c20fb200 relative=0x0000000000000720
Event: 0.552 Thread 0x000001f7b502dfc0 Uncommon trap: reason=class_check action=maybe_recompile pc=0x000001f7c20fb200 method=java.util.HashMap.putVal(ILjava/lang/Object;Ljava/lang/Object;ZZ)Ljava/lang/Object; @ 152 c2
Event: 0.552 Thread 0x000001f7b502dfc0 DEOPT PACKING pc=0x000001f7c20fb200 sp=0x0000001858cfda20
Event: 0.552 Thread 0x000001f7b502dfc0 DEOPT UNPACKING pc=0x000001f7c1ba69a3 sp=0x0000001858cfd9a0 mode 2
Event: 0.704 Thread 0x000001f7b502dfc0 Uncommon trap: trap_request=0xffffffde fr.pc=0x000001f7c2107f74 relative=0x0000000000000894
Event: 0.704 Thread 0x000001f7b502dfc0 Uncommon trap: reason=class_check action=maybe_recompile pc=0x000001f7c2107f74 method=java.util.HashMap.putVal(ILjava/lang/Object;Ljava/lang/Object;ZZ)Ljava/lang/Object; @ 253 c2
Event: 0.704 Thread 0x000001f7b502dfc0 DEOPT PACKING pc=0x000001f7c2107f74 sp=0x0000001858cfeec0
Event: 0.704 Thread 0x000001f7b502dfc0 DEOPT UNPACKING pc=0x000001f7c1ba69a3 sp=0x0000001858cfee60 mode 2
Event: 0.709 Thread 0x000001f7b502dfc0 Uncommon trap: trap_request=0xffffffde fr.pc=0x000001f7c2107f74 relative=0x0000000000000894
Event: 0.709 Thread 0x000001f7b502dfc0 Uncommon trap: reason=class_check action=maybe_recompile pc=0x000001f7c2107f74 method=java.util.HashMap.putVal(ILjava/lang/Object;Ljava/lang/Object;ZZ)Ljava/lang/Object; @ 253 c2
Event: 0.709 Thread 0x000001f7b502dfc0 DEOPT PACKING pc=0x000001f7c2107f74 sp=0x0000001858cfee30
Event: 0.709 Thread 0x000001f7b502dfc0 DEOPT UNPACKING pc=0x000001f7c1ba69a3 sp=0x0000001858cfedd0 mode 2

Classes unloaded (0 events):
No events

Classes redefined (0 events):
No events

Internal exceptions (8 events):
Event: 0.664 Thread 0x000001f7b502dfc0 Exception <a 'java/lang/NoSuchMethodError'{0x0000000081dd9b58}: 'void java.lang.invoke.DirectMethodHandle$Holder.invokeSpecial(java.lang.Object, java.lang.Object, java.lang.Object)'> (0x0000000081dd9b58) 
thrown [s\src\hotspot\share\interpreter\linkResolver.cpp, line 771]
Event: 0.770 Thread 0x000001f7b502dfc0 Exception <a 'java/lang/NoSuchMethodError'{0x0000000081d68eb8}: 'java.lang.Object java.lang.invoke.DirectMethodHandle$Holder.invokeVirtual(java.lang.Object, java.lang.Object, java.lang.Object)'> (0x0000000081d68eb8) 
thrown [s\src\hotspot\share\interpreter\linkResolver.cpp, line 771]
Event: 0.775 Thread 0x000001f7b502dfc0 Exception <a 'java/lang/NoSuchMethodError'{0x0000000081d74720}: 'int java.lang.invoke.DirectMethodHandle$Holder.invokeInterface(java.lang.Object, java.lang.Object)'> (0x0000000081d74720) 
thrown [s\src\hotspot\share\interpreter\linkResolver.cpp, line 771]
Event: 0.805 Thread 0x000001f7b502dfc0 Exception <a 'sun/nio/fs/WindowsException'{0x0000000081de8588}> (0x0000000081de8588) 
thrown [s\src\hotspot\share\prims\jni.cpp, line 517]
Event: 0.807 Thread 0x000001f7b502dfc0 Exception <a 'sun/nio/fs/WindowsException'{0x0000000081de9398}> (0x0000000081de9398) 
thrown [s\src\hotspot\share\prims\jni.cpp, line 517]
Event: 0.807 Thread 0x000001f7b502dfc0 Exception <a 'sun/nio/fs/WindowsException'{0x0000000081de9768}> (0x0000000081de9768) 
thrown [s\src\hotspot\share\prims\jni.cpp, line 517]
Event: 0.811 Thread 0x000001f7b502dfc0 Exception <a 'java/lang/NoSuchMethodError'{0x0000000081df1b88}: 'int java.lang.invoke.DirectMethodHandle$Holder.invokeVirtual(java.lang.Object, java.lang.Object, java.lang.Object)'> (0x0000000081df1b88) 
thrown [s\src\hotspot\share\interpreter\linkResolver.cpp, line 771]
Event: 0.813 Thread 0x000001f7b502dfc0 Exception <a 'java/lang/NoSuchMethodError'{0x0000000081df8270}: 'void java.lang.invoke.DirectMethodHandle$Holder.invokeInterface(java.lang.Object, java.lang.Object, java.lang.Object)'> (0x0000000081df8270) 
thrown [s\src\hotspot\share\interpreter\linkResolver.cpp, line 771]

VM Operations (14 events):
Event: 0.375 Executing VM operation: HandshakeAllThreads
Event: 0.375 Executing VM operation: HandshakeAllThreads done
Event: 0.574 Executing VM operation: G1CollectForAllocation
Event: 0.578 Executing VM operation: G1CollectForAllocation done
Event: 0.629 Executing VM operation: G1CollectForAllocation
Event: 0.632 Executing VM operation: G1CollectForAllocation done
Event: 0.669 Executing VM operation: HandshakeAllThreads
Event: 0.669 Executing VM operation: HandshakeAllThreads done
Event: 0.705 Executing VM operation: HandshakeAllThreads
Event: 0.705 Executing VM operation: HandshakeAllThreads done
Event: 0.749 Executing VM operation: G1CollectForAllocation
Event: 0.751 Executing VM operation: G1CollectForAllocation done
Event: 0.784 Executing VM operation: HandshakeAllThreads
Event: 0.784 Executing VM operation: HandshakeAllThreads done

Events (20 events):
Event: 0.815 loading class java/util/stream/ForEachOps
Event: 0.815 loading class java/util/stream/ForEachOps done
Event: 0.816 loading class java/util/stream/ForEachOps$ForEachOp$OfRef
Event: 0.816 loading class java/util/stream/ForEachOps$ForEachOp
Event: 0.816 loading class java/util/stream/ForEachOps$ForEachOp done
Event: 0.816 loading class java/util/stream/ForEachOps$ForEachOp$OfRef done
Event: 0.819 loading class java/lang/Runtime$Version
Event: 0.819 loading class java/lang/Runtime$Version done
Event: 0.824 loading class java/lang/invoke/BoundMethodHandle$Species_LL
Event: 0.824 loading class java/lang/invoke/BoundMethodHandle$Species_LL done
Event: 0.828 loading class java/lang/invoke/BoundMethodHandle$Species_LLL
Event: 0.828 loading class java/lang/invoke/BoundMethodHandle$Species_LLL done
Event: 0.833 loading class java/lang/Long$LongCache
Event: 0.833 loading class java/lang/Long$LongCache done
Event: 0.833 loading class java/lang/invoke/MethodHandles$1
Event: 0.833 loading class java/lang/invoke/MethodHandles$1 done
Event: 0.835 loading class java/lang/invoke/BoundMethodHandle$Species_LJ
Event: 0.835 loading class java/lang/invoke/BoundMethodHandle$Species_LJ done
Event: 0.838 loading class java/lang/invoke/BoundMethodHandle$Species_LLLL
Event: 0.838 loading class java/lang/invoke/BoundMethodHandle$Species_LLLL done


Dynamic libraries:
0x00007ff668160000 - 0x00007ff668168000 	D:\AndroidStudioNew\jbr\bin\javac.exe
0x00007ffa2e2d0000 - 0x00007ffa2e4c8000 	C:\WINDOWS\SYSTEM32\ntdll.dll
0x00007ffa2d340000 - 0x00007ffa2d3fd000 	C:\WINDOWS\System32\KERNEL32.DLL
0x00007ffa2bb50000 - 0x00007ffa2be46000 	C:\WINDOWS\System32\KERNELBASE.dll
0x00007ffa2c190000 - 0x00007ffa2c290000 	C:\WINDOWS\System32\ucrtbase.dll
0x00007ffa0da70000 - 0x00007ffa0da87000 	D:\AndroidStudioNew\jbr\bin\jli.dll
0x00007ffa18310000 - 0x00007ffa1832b000 	D:\AndroidStudioNew\jbr\bin\VCRUNTIME140.dll
0x00007ffa2de40000 - 0x00007ffa2dfde000 	C:\WINDOWS\System32\USER32.dll
0x00007ffa2c300000 - 0x00007ffa2c322000 	C:\WINDOWS\System32\win32u.dll
0x00007ffa1a050000 - 0x00007ffa1a2ea000 	C:\WINDOWS\WinSxS\amd64_microsoft.windows.common-controls_6595b64144ccf1df_6.0.19041.3636_none_60b6a03d71f818d5\COMCTL32.dll
0x00007ffa2d040000 - 0x00007ffa2d06c000 	C:\WINDOWS\System32\GDI32.dll
0x00007ffa2c5f0000 - 0x00007ffa2c68e000 	C:\WINDOWS\System32\msvcrt.dll
0x00007ffa2b9b0000 - 0x00007ffa2baca000 	C:\WINDOWS\System32\gdi32full.dll
0x00007ffa2bfb0000 - 0x00007ffa2c04d000 	C:\WINDOWS\System32\msvcp_win.dll
0x00007ffa2e000000 - 0x00007ffa2e030000 	C:\WINDOWS\System32\IMM32.DLL
0x00007ffa18440000 - 0x00007ffa1844c000 	D:\AndroidStudioNew\jbr\bin\vcruntime140_1.dll
0x00007ffa0bc50000 - 0x00007ffa0bcdd000 	D:\AndroidStudioNew\jbr\bin\msvcp140.dll
0x00007ff9ce970000 - 0x00007ff9cf5f0000 	D:\AndroidStudioNew\jbr\bin\server\jvm.dll
0x00007ffa2d4e0000 - 0x00007ffa2d58f000 	C:\WINDOWS\System32\ADVAPI32.dll
0x00007ffa2d220000 - 0x00007ffa2d2bc000 	C:\WINDOWS\System32\sechost.dll
0x00007ffa2e0e0000 - 0x00007ffa2e206000 	C:\WINDOWS\System32\RPCRT4.dll
0x00007ffa17880000 - 0x00007ffa17889000 	C:\WINDOWS\SYSTEM32\WSOCK32.dll
0x00007ffa2d070000 - 0x00007ffa2d0db000 	C:\WINDOWS\System32\WS2_32.dll
0x00007ffa18d10000 - 0x00007ffa18d37000 	C:\WINDOWS\SYSTEM32\WINMM.dll
0x00007ffa1ea30000 - 0x00007ffa1ea3a000 	C:\WINDOWS\SYSTEM32\VERSION.dll
0x00007ffa29830000 - 0x00007ffa29842000 	C:\WINDOWS\SYSTEM32\kernel.appcore.dll
0x00007ffa27390000 - 0x00007ffa2739a000 	D:\AndroidStudioNew\jbr\bin\jimage.dll
0x00007ffa16b80000 - 0x00007ffa16d64000 	C:\WINDOWS\SYSTEM32\DBGHELP.DLL
0x00007ffa16830000 - 0x00007ffa16864000 	C:\WINDOWS\SYSTEM32\dbgcore.DLL
0x00007ffa2c100000 - 0x00007ffa2c182000 	C:\WINDOWS\System32\bcryptPrimitives.dll
0x00007ffa272d0000 - 0x00007ffa272f5000 	D:\AndroidStudioNew\jbr\bin\java.dll
0x00007ffa27340000 - 0x00007ffa27358000 	D:\AndroidStudioNew\jbr\bin\zip.dll
0x00007ffa2d660000 - 0x00007ffa2dda5000 	C:\WINDOWS\System32\SHELL32.dll
0x00007ffa29a30000 - 0x00007ffa2a1cb000 	C:\WINDOWS\SYSTEM32\windows.storage.dll
0x00007ffa2c690000 - 0x00007ffa2c9e4000 	C:\WINDOWS\System32\combase.dll
0x00007ffa2b240000 - 0x00007ffa2b26d000 	C:\WINDOWS\SYSTEM32\Wldp.dll
0x00007ffa2c4e0000 - 0x00007ffa2c58d000 	C:\WINDOWS\System32\SHCORE.dll
0x00007ffa2cf80000 - 0x00007ffa2cfd5000 	C:\WINDOWS\System32\shlwapi.dll
0x00007ffa2b8e0000 - 0x00007ffa2b905000 	C:\WINDOWS\SYSTEM32\profapi.dll
0x00007ffa1e360000 - 0x00007ffa1e379000 	D:\AndroidStudioNew\jbr\bin\net.dll
0x00007ffa1fd50000 - 0x00007ffa1fe5a000 	C:\WINDOWS\SYSTEM32\WINHTTP.dll
0x00007ffa2b020000 - 0x00007ffa2b08a000 	C:\WINDOWS\system32\mswsock.dll
0x00007ffa184d0000 - 0x00007ffa184e6000 	D:\AndroidStudioNew\jbr\bin\nio.dll

dbghelp: loaded successfully - version: 4.0.5 - missing functions: none
symbol engine: initialized successfully - sym options: 0x614 - pdb path: .;D:\AndroidStudioNew\jbr\bin;C:\WINDOWS\SYSTEM32;C:\WINDOWS\WinSxS\amd64_microsoft.windows.common-controls_6595b64144ccf1df_6.0.19041.3636_none_60b6a03d71f818d5;D:\AndroidStudioNew\jbr\bin\server

VM Arguments:
jvm_args: -Dapplication.home=D:\AndroidStudioNew\jbr --add-modules=ALL-DEFAULT -Xms8m -Djdk.module.main=jdk.compiler 
java_command: jdk.compiler/com.sun.tools.javac.Main --system=none --patch-module=java.base=C:\Users\Arup\AppData\Local\Android\Sdk\platforms\android-34\core-for-system-modules.jar -d C:\Users\Arup\.gradle\caches\transforms-3\093eefac2dc1f1383d82d2472c32ffad\transformed\output\temp C:\Users\Arup\.gradle\caches\transforms-3\093eefac2dc1f1383d82d2472c32ffad\transformed\output\temp\module-info.java
java_class_path (initial): <not set>
Launcher Type: SUN_STANDARD

[Global flags]
     intx CICompilerCount                          = 3                                         {product} {ergonomic}
     uint ConcGCThreads                            = 1                                         {product} {ergonomic}
     uint G1ConcRefinementThreads                  = 4                                         {product} {ergonomic}
   size_t G1HeapRegionSize                         = 1048576                                   {product} {ergonomic}
    uintx GCDrainStackTargetSize                   = 64                                        {product} {ergonomic}
   size_t InitialHeapSize                          = 8388608                                   {product} {command line}
   size_t MarkStackSize                            = 4194304                                   {product} {ergonomic}
   size_t MaxHeapSize                              = 2124414976                                {product} {ergonomic}
   size_t MaxNewSize                               = 1274019840                                {product} {ergonomic}
   size_t MinHeapDeltaBytes                        = 1048576                                   {product} {ergonomic}
   size_t MinHeapSize                              = 8388608                                   {product} {command line}
    uintx NonNMethodCodeHeapSize                   = 5832780                                {pd product} {ergonomic}
    uintx NonProfiledCodeHeapSize                  = 122912730                              {pd product} {ergonomic}
    uintx ProfiledCodeHeapSize                     = 122912730                              {pd product} {ergonomic}
    uintx ReservedCodeCacheSize                    = 251658240                              {pd product} {ergonomic}
     bool SegmentedCodeCache                       = true                                      {product} {ergonomic}
   size_t SoftMaxHeapSize                          = 2124414976                             {manageable} {ergonomic}
     bool UseCompressedClassPointers               = true                           {product lp64_product} {ergonomic}
     bool UseCompressedOops                        = true                           {product lp64_product} {ergonomic}
     bool UseG1GC                                  = true                                      {product} {ergonomic}
     bool UseLargePagesIndividualAllocation        = false                                  {pd product} {ergonomic}

Logging:
Log output configuration:
 #0: stdout all=warning uptime,level,tags
 #1: stderr all=off uptime,level,tags

Environment Variables:
PATH=C:\Program Files\Common Files\Oracle\Java\javapath;C:\WINDOWS\system32;C:\WINDOWS;C:\WINDOWS\System32\Wbem;C:\WINDOWS\System32\WindowsPowerShell\v1.0\;C:\WINDOWS\System32\OpenSSH\;C:\Program Files\Git\cmd;C:\Program Files\GitHub CLI\;C:\Program Files\PuTTY\;C:\Program Files\nodejs\;C:\Program Files\Amazon\AWSCLIV2\;C:\ProgramData\chocolatey\bin;C:\Program Files\QGIS 3.28.5\apps\Python39\Scripts;C:\Program Files\QGIS 3.28.5\apps\Python39;C:\Users\Arup\AppData\Local\Microsoft\WindowsApps;C:\Users\Arup\AppData\Local\Programs\Microsoft VS Code\bin;C:\flutter\bin;C:\flutter\bin\cache\dart-sdk\bin;C:\Users\Arup\AppData\Local\Pub\Cache\bin;C:\Users\Arup\AppData\Local\Android\Sdk\platform-tools;C:\Users\Arup\AppData\Roaming\npm;C:\Program Files\Git\usr\bin;C:\ffmpeg\bin;C:\mongoshell\bin;C:\Program Files\MongoDB\Server\6.0\bin;C:\jq;C:\mongo-tools\bin;C:\tools\dart-sdk\bin;C:\Users\Arup\AppData\Roaming\Pub\Cache\bin;
USERNAME=Arup
OS=Windows_NT
PROCESSOR_IDENTIFIER=Intel64 Family 6 Model 61 Stepping 4, GenuineIntel
TMP=C:\Users\Arup\AppData\Local\Temp
TEMP=C:\Users\Arup\AppData\Local\Temp


JNI global refs:
JNI global refs: 7, weak refs: 0

JNI global refs memory usage: 843, weak refs: 209

OOME stack traces (most recent first):
Classloader memory used:
Loader bootstrap                                                                       : 935K
Loader jdk.internal.loader.ClassLoaders$AppClassLoader                                 : 209K
Loader jdk.internal.loader.ClassLoaders$PlatformClassLoader                            : 21120B


---------------  S Y S T E M  ---------------

OS:
 Windows 10 , 64 bit Build 19041 (10.0.19041.3636)
OS uptime: 0 days 1:24 hours
Hyper-V role detected

CPU: total 4 (initial active 4) (2 cores per cpu, 2 threads per core) family 6 model 61 stepping 4 microcode 0x2d, cx8, cmov, fxsr, ht, mmx, 3dnowpref, sse, sse2, sse3, ssse3, sse4.1, sse4.2, popcnt, lzcnt, tsc, tscinvbit, avx, avx2, aes, erms, clmul, bmi1, bmi2, adx, fma, vzeroupper, clflush, hv

Memory: 4k page, system-wide physical 8101M (854M free)
TotalPageFile size 10149M (AvailPageFile size 3M)
current process WorkingSet (physical memory assigned to process): 45M, peak: 45M
current process commit charge ("private bytes"): 78M, peak: 79M

vm_info: OpenJDK 64-Bit Server VM (17.0.7+0-b2043.56-10550314) for windows-amd64 JRE (17.0.7+0-b2043.56-10550314), built on Jul 24 2023 18:27:45 by "androidbuild" with MS VC++ 16.10 / 16.11 (VS2019)

END.
